<?xml version="1.0" encoding="UTF-8" ?>
<testsuite tests="1" failures="0" name="org.ioc.daw.user.UserServiceTest" time="1.312" errors="1" skipped="0">
  <properties>
[...]
</properties>
  <testcase classname="org.ioc.daw.user.UserServiceTest" name="findHighestRank" time="1.22">
    <error message="Exception [EclipseLink-4002] (Eclipse Persistence Services - 2.5.0.v20130507-3faac2b): org.eclipse.persistence.exceptions.DatabaseException
Internal Exception: org.h2.jdbc.JdbcSQLException: La columna &quot;USER_ID&quot; debe estar incluida en la lista de GROUP BY
Column &quot;USER_ID&quot; must be in the GROUP BY list; SQL statement:
SELECT user_id, active, created_on, email, name, password, rank, username, MAX(rank) FROM users [90016-190]
Error Code: 90016
Call: SELECT user_id, active, created_on, email, name, password, rank, username, MAX(rank) FROM users
Query: ReportQuery(referenceClass=User sql=&quot;SELECT user_id, active, created_on, email, name, password, rank, username, MAX(rank) FROM users&quot;)" type="javax.persistence.PersistenceException">javax.persistence.PersistenceException: Exception [EclipseLink-4002] (Eclipse Persistence Services - 2.5.0.v20130507-3faac2b): org.eclipse.persistence.exceptions.DatabaseException
Internal Exception: org.h2.jdbc.JdbcSQLException: La columna &quot;USER_ID&quot; debe estar incluida en la lista de GROUP BY
Column &quot;USER_ID&quot; must be in the GROUP BY list; SQL statement:
SELECT user_id, active, created_on, email, name, password, rank, username, MAX(rank) FROM users [90016-190]
Error Code: 90016
Call: SELECT user_id, active, created_on, email, name, password, rank, username, MAX(rank) FROM users
Query: ReportQuery(referenceClass=User sql=&quot;SELECT user_id, active, created_on, email, name, password, rank, username, MAX(rank) FROM users&quot;)
	at org.eclipse.persistence.internal.jpa.QueryImpl.getDetailedException(QueryImpl.java:377)
	at org.eclipse.persistence.internal.jpa.QueryImpl.executeReadQuery(QueryImpl.java:260)
	at org.eclipse.persistence.internal.jpa.QueryImpl.getSingleResult(QueryImpl.java:516)
	at org.eclipse.persistence.internal.jpa.EJBQueryImpl.getSingleResult(EJBQueryImpl.java:400)
	at org.ioc.daw.user.impl.UserServiceImpl.findHighestRank(UserServiceImpl.java:68)
	at org.ioc.daw.user.UserServiceTest.findHighestRank(UserServiceTest.java:197)
	at sun.reflect.NativeMethodAccessorImpl.invoke0(Native Method)
	at sun.reflect.NativeMethodAccessorImpl.invoke(NativeMethodAccessorImpl.java:62)
	at sun.reflect.DelegatingMethodAccessorImpl.invoke(DelegatingMethodAccessorImpl.java:43)
	at java.lang.reflect.Method.invoke(Method.java:498)
	at org.junit.runners.model.FrameworkMethod$1.runReflectiveCall(FrameworkMethod.java:50)
	at org.junit.internal.runners.model.ReflectiveCallable.run(ReflectiveCallable.java:12)
	at org.junit.runners.model.FrameworkMethod.invokeExplosively(FrameworkMethod.java:47)
	at org.junit.internal.runners.statements.InvokeMethod.evaluate(InvokeMethod.java:17)
	at org.junit.internal.runners.statements.RunBefores.evaluate(RunBefores.java:26)
	at org.junit.internal.runners.statements.RunAfters.evaluate(RunAfters.java:27)
	at org.junit.runners.ParentRunner.runLeaf(ParentRunner.java:325)
	at org.junit.runners.BlockJUnit4ClassRunner.runChild(BlockJUnit4ClassRunner.java:78)
	at org.junit.runners.BlockJUnit4ClassRunner.runChild(BlockJUnit4ClassRunner.java:57)
	at org.junit.runners.ParentRunner$3.run(ParentRunner.java:290)
	at org.junit.runners.ParentRunner$1.schedule(ParentRunner.java:71)
	at org.junit.runners.ParentRunner.runChildren(ParentRunner.java:288)
	at org.junit.runners.ParentRunner.access$000(ParentRunner.java:58)
	at org.junit.runners.ParentRunner$2.evaluate(ParentRunner.java:268)
	at org.junit.runners.ParentRunner.run(ParentRunner.java:363)
	at org.apache.maven.surefire.junit4.JUnit4TestSet.execute(JUnit4TestSet.java:45)
	at org.apache.maven.surefire.junit4.JUnit4Provider.executeTestSet(JUnit4Provider.java:123)
	at org.apache.maven.surefire.junit4.JUnit4Provider.invoke(JUnit4Provider.java:104)
	at sun.reflect.NativeMethodAccessorImpl.invoke0(Native Method)
	at sun.reflect.NativeMethodAccessorImpl.invoke(NativeMethodAccessorImpl.java:62)
	at sun.reflect.DelegatingMethodAccessorImpl.invoke(DelegatingMethodAccessorImpl.java:43)
	at java.lang.reflect.Method.invoke(Method.java:498)
	at org.apache.maven.surefire.util.ReflectionUtils.invokeMethodWithArray(ReflectionUtils.java:164)
	at org.apache.maven.surefire.booter.ProviderFactory$ProviderProxy.invoke(ProviderFactory.java:110)
	at org.apache.maven.surefire.booter.SurefireStarter.invokeProvider(SurefireStarter.java:175)
	at org.apache.maven.surefire.booter.SurefireStarter.runSuitesInProcessWhenForked(SurefireStarter.java:107)
	at org.apache.maven.surefire.booter.ForkedBooter.main(ForkedBooter.java:68)
Caused by: Exception [EclipseLink-4002] (Eclipse Persistence Services - 2.5.0.v20130507-3faac2b): org.eclipse.persistence.exceptions.DatabaseException
Internal Exception: org.h2.jdbc.JdbcSQLException: La columna &quot;USER_ID&quot; debe estar incluida en la lista de GROUP BY
Column &quot;USER_ID&quot; must be in the GROUP BY list; SQL statement:
SELECT user_id, active, created_on, email, name, password, rank, username, MAX(rank) FROM users [90016-190]
Error Code: 90016
Call: SELECT user_id, active, created_on, email, name, password, rank, username, MAX(rank) FROM users
Query: ReportQuery(referenceClass=User sql=&quot;SELECT user_id, active, created_on, email, name, password, rank, username, MAX(rank) FROM users&quot;)
	at org.eclipse.persistence.exceptions.DatabaseException.sqlException(DatabaseException.java:340)
	at org.eclipse.persistence.internal.databaseaccess.DatabaseAccessor.basicExecuteCall(DatabaseAccessor.java:679)
	at org.eclipse.persistence.internal.databaseaccess.DatabaseAccessor.executeCall(DatabaseAccessor.java:558)
	at org.eclipse.persistence.internal.sessions.AbstractSession.basicExecuteCall(AbstractSession.java:1995)
	at org.eclipse.persistence.sessions.server.ClientSession.executeCall(ClientSession.java:296)
	at org.eclipse.persistence.internal.queries.DatasourceCallQueryMechanism.executeCall(DatasourceCallQueryMechanism.java:242)
	at org.eclipse.persistence.internal.queries.DatasourceCallQueryMechanism.executeCall(DatasourceCallQueryMechanism.java:228)
	at org.eclipse.persistence.internal.queries.DatasourceCallQueryMechanism.executeSelectCall(DatasourceCallQueryMechanism.java:299)
	at org.eclipse.persistence.internal.queries.DatasourceCallQueryMechanism.selectAllRows(DatasourceCallQueryMechanism.java:694)
	at org.eclipse.persistence.internal.queries.ExpressionQueryMechanism.selectAllRowsFromTable(ExpressionQueryMechanism.java:2714)
	at org.eclipse.persistence.internal.queries.ExpressionQueryMechanism.selectAllReportQueryRows(ExpressionQueryMechanism.java:2651)
	at org.eclipse.persistence.queries.ReportQuery.executeDatabaseQuery(ReportQuery.java:847)
	at org.eclipse.persistence.queries.DatabaseQuery.execute(DatabaseQuery.java:899)
	at org.eclipse.persistence.queries.ObjectLevelReadQuery.execute(ObjectLevelReadQuery.java:1114)
	at org.eclipse.persistence.queries.ReadAllQuery.execute(ReadAllQuery.java:402)
	at org.eclipse.persistence.queries.ObjectLevelReadQuery.executeInUnitOfWork(ObjectLevelReadQuery.java:1202)
	at org.eclipse.persistence.internal.sessions.UnitOfWorkImpl.internalExecuteQuery(UnitOfWorkImpl.java:2894)
	at org.eclipse.persistence.internal.sessions.AbstractSession.executeQuery(AbstractSession.java:1797)
	at org.eclipse.persistence.internal.sessions.AbstractSession.executeQuery(AbstractSession.java:1779)
	at org.eclipse.persistence.internal.sessions.AbstractSession.executeQuery(AbstractSession.java:1744)
	at org.eclipse.persistence.internal.jpa.QueryImpl.executeReadQuery(QueryImpl.java:258)
	... 35 more
Caused by: org.h2.jdbc.JdbcSQLException: La columna &quot;USER_ID&quot; debe estar incluida en la lista de GROUP BY
Column &quot;USER_ID&quot; must be in the GROUP BY list; SQL statement:
SELECT user_id, active, created_on, email, name, password, rank, username, MAX(rank) FROM users [90016-190]
	at org.h2.message.DbException.getJdbcSQLException(DbException.java:345)
	at org.h2.message.DbException.get(DbException.java:179)
	at org.h2.message.DbException.get(DbException.java:155)
	at org.h2.expression.ExpressionColumn.updateAggregate(ExpressionColumn.java:169)
	at org.h2.command.dml.Select.queryGroup(Select.java:354)
	at org.h2.command.dml.Select.queryWithoutCache(Select.java:638)
	at org.h2.command.dml.Query.query(Query.java:322)
	at org.h2.command.dml.Query.query(Query.java:290)
	at org.h2.command.dml.Query.query(Query.java:36)
	at org.h2.command.CommandContainer.query(CommandContainer.java:90)
	at org.h2.command.Command.executeQuery(Command.java:196)
	at org.h2.jdbc.JdbcPreparedStatement.executeQuery(JdbcPreparedStatement.java:108)
	at org.eclipse.persistence.internal.databaseaccess.DatabaseAccessor.executeSelect(DatabaseAccessor.java:1002)
	at org.eclipse.persistence.internal.databaseaccess.DatabaseAccessor.basicExecuteCall(DatabaseAccessor.java:641)
	... 54 more
</error>
    <system-out>[EL Info]: 2018-03-04 21:35:12.684--ServerSession(306115458)--EclipseLink, version: Eclipse Persistence Services - 2.5.0.v20130507-3faac2b
[EL Info]: connection: 2018-03-04 21:35:12.905--ServerSession(306115458)--file:/E:/Mis documentos/NetBeansProjects/daw-m07-u4-a2-03-JPA/target/test-classes/_InMemoryH2PersistenceUnit login successful
[EL Warning]: 2018-03-04 21:35:12.935--ServerSession(306115458)--Exception [EclipseLink-4002] (Eclipse Persistence Services - 2.5.0.v20130507-3faac2b): org.eclipse.persistence.exceptions.DatabaseException
Internal Exception: org.h2.jdbc.JdbcSQLException: Tabla &quot;SEQUENCE&quot; no encontrada
Table &quot;SEQUENCE&quot; not found; SQL statement:
DELETE FROM SEQUENCE WHERE SEQ_NAME = &apos;SEQ_GEN&apos; [42102-190]
Error Code: 42102
Call: DELETE FROM SEQUENCE WHERE SEQ_NAME = &apos;SEQ_GEN&apos;
Query: DataModifyQuery(sql=&quot;DELETE FROM SEQUENCE WHERE SEQ_NAME = &apos;SEQ_GEN&apos;&quot;)
[EL Warning]: 2018-03-04 21:35:13.214--UnitOfWork(1277108979)--Exception [EclipseLink-4002] (Eclipse Persistence Services - 2.5.0.v20130507-3faac2b): org.eclipse.persistence.exceptions.DatabaseException
Internal Exception: org.h2.jdbc.JdbcSQLException: La columna &quot;USER_ID&quot; debe estar incluida en la lista de GROUP BY
Column &quot;USER_ID&quot; must be in the GROUP BY list; SQL statement:
SELECT user_id, active, created_on, email, name, password, rank, username, MAX(rank) FROM users [90016-190]
Error Code: 90016
Call: SELECT user_id, active, created_on, email, name, password, rank, username, MAX(rank) FROM users
Query: ReportQuery(referenceClass=User sql=&quot;SELECT user_id, active, created_on, email, name, password, rank, username, MAX(rank) FROM users&quot;)
</system-out>
  </testcase>
</testsuite>